<?xml version="1.0" encoding="UTF-8"?>
<!-- Generated by org.testng.reporters.JUnitXMLReporter -->
<testsuite ignored="0" hostname="DESKTOP-11MDM02" failures="1" tests="1" name="Test2" time="10.018" errors="0" timestamp="2024-05-14T02:43:44 EET">
  <testcase classname="almosafer.NavigateURL" name="CheakNavigateURL" time="0.019">
    <failure type="java.lang.AssertionError" message="The following asserts failed:
	expected [https://global.almosafer.com/en] but found [https://www.almosafer.com/en?ncr=1]">
      <![CDATA[java.lang.AssertionError: The following asserts failed:
expected [https://global.almosafer.com/en] but found [https://www.almosafer.com/en?ncr=1]
at almosafer.NavigateURL.CheakNavigateURL(NavigateURL.java:17)
at java.base/java.util.ArrayList.forEach(ArrayList.java:1511)
... Removed 29 stack frames]]>
    </failure>
  </testcase> <!-- CheakNavigateURL -->
</testsuite> <!-- Test2 -->
